Date of Test;Domain;Creation Date;Age(years);Log Message
2017-05-12 09:43:56.688560;webantix.net;2005-11-13 00:00:00;11;
2017-05-12 09:43:56.688560;google.com;1997-09-15 00:00:00;19;
2017-05-12 09:43:56.688560;facebook.com;[datetime.datetime(1997, 3, 29, 0, 0), datetime.datetime(1997, 3, 28, 21, 0)];20;
2017-05-12 09:43:56.688560;pwc.com;[datetime.datetime(2001, 11, 10, 0, 0), datetime.datetime(2001, 11, 10, 5, 0)];15;
2017-05-12 09:43:56.688560;ey.com;[datetime.datetime(1994, 4, 22, 0, 0), datetime.datetime(1994, 4, 22, 4, 0)];23;
2017-05-12 09:43:56.688560;bhpbilliton.com;[datetime.datetime(2001, 3, 17, 0, 0), datetime.datetime(2001, 3, 17, 7, 29, 39)];16;
2017-05-12 09:43:56.688560;025xcb.com;2017-05-09 00:00:00;0;
Date of Test;Domain;Creation Date;Age(years);Log Message
2017-05-12 09:53:43.538536;webantix.net;2005-11-13 00:00:00;11;
2017-05-12 09:53:43.538536;google.com;1997-09-15 00:00:00;19;
2017-05-12 09:53:43.538536;facebook.com;[datetime.datetime(1997, 3, 29, 0, 0), datetime.datetime(1997, 3, 28, 21, 0)];20;
2017-05-12 09:53:43.538536;pwc.com;[datetime.datetime(2001, 11, 10, 0, 0), datetime.datetime(2001, 11, 10, 5, 0)];15;
2017-05-12 09:53:43.538536;ey.com;[datetime.datetime(1994, 4, 22, 0, 0), datetime.datetime(1994, 4, 22, 4, 0)];23;
2017-05-12 09:53:43.538536;bhpbilliton.com;[datetime.datetime(2001, 3, 17, 0, 0), datetime.datetime(2001, 3, 17, 7, 29, 39)];16;
2017-05-12 09:53:43.538536;025xcb.com;2017-05-09 00:00:00;0;
Date of Test;Domain;Creation Date;Age(years);Log Message
2017-05-12 10:04:58.568469;webantix.net;2005-11-13 00:00:00;11;
Date of Test;Domain;Creation Date;Age(years);Log Message
2017-05-12 10:05:30.070632;webantix.net;2005-11-13 00:00:00;11;
Date of Test;Domain;Creation Date;Age(years);Log Message
2017-05-12 10:05:45.311447;webantix.net;2005-11-13 00:00:00;11;
2017-05-12 10:05:45.311447;google.com;1997-09-15 00:00:00;19;
2017-05-12 10:05:45.311447;facebook.com;[datetime.datetime(1997, 3, 29, 0, 0), datetime.datetime(1997, 3, 28, 21, 0)];20;
2017-05-12 10:05:45.311447;pwc.com;[datetime.datetime(2001, 11, 10, 0, 0), datetime.datetime(2001, 11, 10, 5, 0)];15;
2017-05-12 10:05:45.311447;ey.com;[datetime.datetime(1994, 4, 22, 0, 0), datetime.datetime(1994, 4, 22, 4, 0)];23;
2017-05-12 10:05:45.311447;bhpbilliton.com;[datetime.datetime(2001, 3, 17, 0, 0), datetime.datetime(2001, 3, 17, 7, 29, 39)];16;
Date of Test;Domain;Creation Date;Age(years);Log Message
2017-05-12 10:06:40.079647;webantix.net;2005-11-13 00:00:00;11;
2017-05-12 10:06:40.079647;google.com;1997-09-15 00:00:00;19;
2017-05-12 10:06:40.079647;facebook.com;[datetime.datetime(1997, 3, 29, 0, 0), datetime.datetime(1997, 3, 28, 21, 0)];20;
2017-05-12 10:06:40.079647;pwc.com;[datetime.datetime(2001, 11, 10, 0, 0), datetime.datetime(2001, 11, 10, 5, 0)];15;
2017-05-12 10:06:40.079647;ey.com;[datetime.datetime(1994, 4, 22, 0, 0), datetime.datetime(1994, 4, 22, 4, 0)];23;
2017-05-12 10:06:40.079647;bhpbilliton.com;[datetime.datetime(2001, 3, 17, 0, 0), datetime.datetime(2001, 3, 17, 7, 29, 39)];16;
2017-05-12 10:06:40.079647;025xcb.com;2017-05-09 00:00:00;0;
Date of Test;Domain;Creation Date;Age(years);Log Message
2017-05-12 10:07:30.510078;webantix.net;2005-11-13 00:00:00;11;
2017-05-12 10:07:30.510078;025xcb.com;2017-05-09 00:00:00;0;
Date of Test;Domain;Creation Date;Age(years);Log Message
2017-05-12 10:13:04.381310;webantix.net;2005-11-13 00:00:00;11;
2017-05-12 10:13:04.381310;google.com;-;-;This domain is found in the Alexa top Million list. Most likely not malicous.
2017-05-12 10:13:04.381310;facebook.com;-;-;This domain is found in the Alexa top Million list. Most likely not malicous.
2017-05-12 10:13:04.381310;pwc.com;-;-;This domain is found in the Alexa top Million list. Most likely not malicous.
2017-05-12 10:13:04.381310;ey.com;-;-;This domain is found in the Alexa top Million list. Most likely not malicous.
2017-05-12 10:13:04.381310;bhpbilliton.com;-;-;This domain is found in the Alexa top Million list. Most likely not malicous.
2017-05-12 10:13:04.381310;025xcb.com;2017-05-09 00:00:00;0;
Date of Test;Domain;Creation Date;Age(years);Log Message
2017-05-12 10:26:36.036391;webantix.net;2005-11-13 00:00:00;11;
2017-05-12 10:26:36.036391;google.com;-;-;This domain is found in the Alexa top Million list. Most likely not malicous.
2017-05-12 10:26:36.036391;facebook.com;-;-;This domain is found in the Alexa top Million list. Most likely not malicous.
2017-05-12 10:26:36.036391;pwc.com;-;-;This domain is found in the Alexa top Million list. Most likely not malicous.
2017-05-12 10:26:36.036391;ey.com;-;-;This domain is found in the Alexa top Million list. Most likely not malicous.
2017-05-12 10:26:36.036391;bhpbilliton.com;-;-;This domain is found in the Alexa top Million list. Most likely not malicous.
2017-05-12 10:26:36.036391;025xcb.com;2017-05-09 00:00:00;0;
Date of Test;Domain;Creation Date;Age(years);Log Message
2017-05-12 10:31:30.439760;webantix.net;2005-11-13 00:00:00;11;
2017-05-12 10:31:30.439760;google.com;-;-;This domain is found in the Alexa top Million list. Most likely not malicous.
2017-05-12 10:31:30.439760;facebook.com;-;-;This domain is found in the Alexa top Million list. Most likely not malicous.
2017-05-12 10:31:30.439760;pwc.com;-;-;This domain is found in the Alexa top Million list. Most likely not malicous.
2017-05-12 10:31:30.439760;ey.com;-;-;This domain is found in the Alexa top Million list. Most likely not malicous.
2017-05-12 10:31:30.439760;bhpbilliton.com;-;-;This domain is found in the Alexa top Million list. Most likely not malicous.
2017-05-12 10:31:30.439760;025xcb.com;2017-05-09 00:00:00;0;
Date of Test;Domain;Creation Date;Age(years);Log Message
2017-05-12 10:33:44.486651;webantix.net;2005-11-13 00:00:00;11;
2017-05-12 10:33:44.486651;google.com;-;-;This domain is found in the Alexa top Million list. Most likely not malicous.
2017-05-12 10:33:44.486651;facebook.com;-;-;This domain is found in the Alexa top Million list. Most likely not malicous.
2017-05-12 10:33:44.486651;pwc.com;-;-;This domain is found in the Alexa top Million list. Most likely not malicous.
2017-05-12 10:33:44.486651;ey.com;-;-;This domain is found in the Alexa top Million list. Most likely not malicous.
2017-05-12 10:33:44.486651;bhpbilliton.com;-;-;This domain is found in the Alexa top Million list. Most likely not malicous.
2017-05-12 10:33:44.486651;025xcb.com;2017-05-09 00:00:00;0;
Date of Test;Domain;Creation Date;Age(years);Log Message
Date of Test;Domain;Creation Date;Age(years);Log Message
2017-05-12 10:39:26.303780;webantix.net;2005-11-13 00:00:00;11;
2017-05-12 10:39:26.303780;google.com;-;-;This domain is found in the Alexa top Million list. Most likely not malicous.
2017-05-12 10:39:26.303780;facebook.com;-;-;This domain is found in the Alexa top Million list. Most likely not malicous.
2017-05-12 10:39:26.303780;pwc.com;-;-;This domain is found in the Alexa top Million list. Most likely not malicous.
2017-05-12 10:39:26.303780;ey.com;-;-;This domain is found in the Alexa top Million list. Most likely not malicous.
2017-05-12 10:39:26.303780;bhpbilliton.com;-;-;This domain is found in the Alexa top Million list. Most likely not malicous.
2017-05-12 10:39:26.303780;025xcb.com;2017-05-09 00:00:00;0;
Date of Test;Domain;Creation Date;Age(years);Log Message
2017-05-12 10:40:13.796421;webantix.net;2005-11-13 00:00:00;11;
2017-05-12 10:40:13.796421;google.com;-;-;This domain is found in the Alexa top Million list. Most likely not malicous.
2017-05-12 10:40:13.796421;facebook.com;-;-;This domain is found in the Alexa top Million list. Most likely not malicous.
2017-05-12 10:40:13.796421;pwc.com;-;-;This domain is found in the Alexa top Million list. Most likely not malicous.
2017-05-12 10:40:13.796421;ey.com;-;-;This domain is found in the Alexa top Million list. Most likely not malicous.
2017-05-12 10:40:13.796421;bhpbilliton.com;-;-;This domain is found in the Alexa top Million list. Most likely not malicous.
2017-05-12 10:40:13.796421;025xcb.com;2017-05-09 00:00:00;0;
Date of Test;Domain;Creation Date;Age(years);Log Message
Date of Test;Domain;Creation Date;Age(years);Log Message
Date of Test;Domain;Creation Date;Age(years);Log Message
2017-05-12 10:43:36.081517;webantix.net;2005-11-13 00:00:00;11;
2017-05-12 10:43:36.081517;google.com;-;-;This domain is found in the Alexa top Million list. Most likely not malicous.
2017-05-12 10:43:36.081517;facebook.com;-;-;This domain is found in the Alexa top Million list. Most likely not malicous.
2017-05-12 10:43:36.081517;pwc.com;-;-;This domain is found in the Alexa top Million list. Most likely not malicous.
2017-05-12 10:43:36.081517;ey.com;-;-;This domain is found in the Alexa top Million list. Most likely not malicous.
2017-05-12 10:43:36.081517;bhpbilliton.com;-;-;This domain is found in the Alexa top Million list. Most likely not malicous.
2017-05-12 10:43:36.081517;025xcb.com;2017-05-09 00:00:00;0;
Date of Test;Domain;Creation Date;Age(years);Log Message
Date of Test;Domain;Creation Date;Age(years);Log Message
Date of Test;Domain;Creation Date;Age(years);Log Message
Date of Test;Domain;Creation Date;Age(years);Log Message
Date of Test;Domain;Creation Date;Age(years);Log Message
2017-05-12 10:54:58.843513;webantix.net;2005-11-13 00:00:00;11;
2017-05-12 10:54:58.843513;google.com;-;-;This domain is found in the Alexa top Million list. Most likely not malicous.
2017-05-12 10:54:58.843513;facebook.com;-;-;This domain is found in the Alexa top Million list. Most likely not malicous.
2017-05-12 10:54:58.843513;pwc.com;-;-;This domain is found in the Alexa top Million list. Most likely not malicous.
2017-05-12 10:54:58.843513;ey.com;-;-;This domain is found in the Alexa top Million list. Most likely not malicous.
2017-05-12 10:54:58.843513;bhpbilliton.com;-;-;This domain is found in the Alexa top Million list. Most likely not malicous.
2017-05-12 10:54:58.843513;025xcb.com;2017-05-09 00:00:00;0;
Date of Test;Domain;Creation Date;Age(years);Log Message
2017-05-12 10:55:24.866895;webantix.net;2005-11-13 00:00:00;11;
2017-05-12 10:55:24.866895;google.com;-;-;This domain is found in the Alexa top Million list. Most likely not malicous.
2017-05-12 10:55:24.866895;facebook.com;-;-;This domain is found in the Alexa top Million list. Most likely not malicous.
2017-05-12 10:55:24.866895;pwc.com;-;-;This domain is found in the Alexa top Million list. Most likely not malicous.
2017-05-12 10:55:24.866895;ey.com;-;-;This domain is found in the Alexa top Million list. Most likely not malicous.
2017-05-12 10:55:24.866895;bhpbilliton.com;-;-;This domain is found in the Alexa top Million list. Most likely not malicous.
2017-05-12 10:55:24.866895;025xcb.com;2017-05-09 00:00:00;0;
Date of Test;Domain;Creation Date;Age(years);Log Message
Date of Test;Domain;Creation Date;Age(years);Log Message
Date of Test;Domain;Creation Date;Age(years);Log Message
2017-05-12 11:07:44.914878;webantix.net;2005-11-13 00:00:00;11;
2017-05-12 11:07:44.914878;google.com;-;-;This domain is found in the Alexa top Million list. Most likely not malicous.
2017-05-12 11:07:44.914878;facebook.com;-;-;This domain is found in the Alexa top Million list. Most likely not malicous.
2017-05-12 11:07:44.914878;pwc.com;-;-;This domain is found in the Alexa top Million list. Most likely not malicous.
2017-05-12 11:07:44.914878;ey.com;-;-;This domain is found in the Alexa top Million list. Most likely not malicous.
2017-05-12 11:07:44.914878;bhpbilliton.com;-;-;This domain is found in the Alexa top Million list. Most likely not malicous.
2017-05-12 11:07:44.914878;025xcb.com;2017-05-09 00:00:00;0;
Date of Test;Domain;Creation Date;Age(years);Log Message
2017-05-12 11:08:24.181492;webantix.net;2005-11-13 00:00:00;11;
2017-05-12 11:08:24.181492;google.com;-;-;This domain is found in the Alexa top Million list. Most likely not malicous.
2017-05-12 11:08:24.181492;facebook.com;-;-;This domain is found in the Alexa top Million list. Most likely not malicous.
2017-05-12 11:08:24.181492;pwc.com;-;-;This domain is found in the Alexa top Million list. Most likely not malicous.
2017-05-12 11:08:24.181492;ey.com;-;-;This domain is found in the Alexa top Million list. Most likely not malicous.
2017-05-12 11:08:24.181492;bhpbilliton.com;-;-;This domain is found in the Alexa top Million list. Most likely not malicous.
2017-05-12 11:08:24.181492;025xcb.com;2017-05-09 00:00:00;0;
Date of Test;Domain;Creation Date;Age(years);Log Message
2017-05-12 11:08:43.878024;webantix.net;2005-11-13 00:00:00;11;
2017-05-12 11:08:43.878024;google.com;-;-;This domain is found in the Alexa top Million list. Most likely not malicous.
2017-05-12 11:08:43.878024;facebook.com;-;-;This domain is found in the Alexa top Million list. Most likely not malicous.
2017-05-12 11:08:43.878024;pwc.com;-;-;This domain is found in the Alexa top Million list. Most likely not malicous.
2017-05-12 11:08:43.878024;ey.com;-;-;This domain is found in the Alexa top Million list. Most likely not malicous.
2017-05-12 11:08:43.878024;bhpbilliton.com;-;-;This domain is found in the Alexa top Million list. Most likely not malicous.
2017-05-12 11:08:43.878024;025xcb.com;2017-05-09 00:00:00;0;
Date of Test;Domain;Creation Date;Age(years);Log Message
2017-05-12 11:09:43.029197;webantix.net;2005-11-13 00:00:00;11;
2017-05-12 11:09:43.029197;google.com;-;-;This domain is found in the Alexa top Million list. Most likely not malicous.
2017-05-12 11:09:43.029197;facebook.com;-;-;This domain is found in the Alexa top Million list. Most likely not malicous.
2017-05-12 11:09:43.029197;pwc.com;-;-;This domain is found in the Alexa top Million list. Most likely not malicous.
2017-05-12 11:09:43.029197;ey.com;-;-;This domain is found in the Alexa top Million list. Most likely not malicous.
2017-05-12 11:09:43.029197;bhpbilliton.com;-;-;This domain is found in the Alexa top Million list. Most likely not malicous.
2017-05-12 11:09:43.029197;025xcb.com;2017-05-09 00:00:00;0;
Date of Test;Domain;Creation Date;Age(years);Log Message
2017-05-12 11:11:18.614070;webantix.net;2005-11-13 00:00:00;11;
2017-05-12 11:11:18.614070;google.com;-;-;This domain is found in the Alexa top Million list. Most likely not malicous.
2017-05-12 11:11:18.614070;facebook.com;-;-;This domain is found in the Alexa top Million list. Most likely not malicous.
2017-05-12 11:11:18.614070;pwc.com;-;-;This domain is found in the Alexa top Million list. Most likely not malicous.
2017-05-12 11:11:18.614070;ey.com;-;-;This domain is found in the Alexa top Million list. Most likely not malicous.
2017-05-12 11:11:18.614070;bhpbilliton.com;-;-;This domain is found in the Alexa top Million list. Most likely not malicous.
2017-05-12 11:11:18.614070;025xcb.com;2017-05-09 00:00:00;0;
Date of Test;Domain;Creation Date;Age(years);Log Message
2017-05-12 11:12:08.487501;webantix.net;2005-11-13 00:00:00;11;
2017-05-12 11:12:08.487501;google.com;-;-;This domain is found in the Alexa top Million list. Most likely not malicous.
2017-05-12 11:12:08.487501;facebook.com;-;-;This domain is found in the Alexa top Million list. Most likely not malicous.
2017-05-12 11:12:08.487501;pwc.com;-;-;This domain is found in the Alexa top Million list. Most likely not malicous.
2017-05-12 11:12:08.487501;ey.com;-;-;This domain is found in the Alexa top Million list. Most likely not malicous.
2017-05-12 11:12:08.487501;bhpbilliton.com;-;-;This domain is found in the Alexa top Million list. Most likely not malicous.
2017-05-12 11:12:08.487501;025xcb.com;2017-05-09 00:00:00;0;
Date of Test;Domain;Creation Date;Age(years);Log Message
2017-05-12 11:12:15.056889;webantix.net;2005-11-13 00:00:00;11;
2017-05-12 11:12:15.056889;google.com;-;-;This domain is found in the Alexa top Million list. Most likely not malicous.
2017-05-12 11:12:15.056889;facebook.com;-;-;This domain is found in the Alexa top Million list. Most likely not malicous.
2017-05-12 11:12:15.056889;pwc.com;-;-;This domain is found in the Alexa top Million list. Most likely not malicous.
2017-05-12 11:12:15.056889;ey.com;-;-;This domain is found in the Alexa top Million list. Most likely not malicous.
2017-05-12 11:12:15.056889;bhpbilliton.com;-;-;This domain is found in the Alexa top Million list. Most likely not malicous.
2017-05-12 11:12:15.056889;025xcb.com;2017-05-09 00:00:00;0;
Date of Test;Domain;Creation Date;Age(years);Log Message
2017-05-12 11:12:36.179698;webantix.net;2005-11-13 00:00:00;11;
2017-05-12 11:12:36.179698;google.com;-;-;This domain is found in the Alexa top Million list. Most likely not malicous.
2017-05-12 11:12:36.179698;facebook.com;-;-;This domain is found in the Alexa top Million list. Most likely not malicous.
2017-05-12 11:12:36.179698;pwc.com;-;-;This domain is found in the Alexa top Million list. Most likely not malicous.
2017-05-12 11:12:36.179698;ey.com;-;-;This domain is found in the Alexa top Million list. Most likely not malicous.
2017-05-12 11:12:36.179698;bhpbilliton.com;-;-;This domain is found in the Alexa top Million list. Most likely not malicous.
2017-05-12 11:12:36.179698;025xcb.com;2017-05-09 00:00:00;0;
Date of Test;Domain;Creation Date;Age(years);Log Message
Date of Test;Domain;Creation Date;Age(years);Log Message
Date of Test;Domain;Creation Date;Age(years);Log Message
Date of Test;Domain;Creation Date;Age(years);Log Message
2017-05-12 11:38:37.497362;webantix.net;2005-11-13 00:00:00;11;
2017-05-12 11:38:37.497362;google.com;-;-;This domain is found in the Alexa top Million list. Most likely not malicous.
2017-05-12 11:38:37.497362;facebook.com;-;-;This domain is found in the Alexa top Million list. Most likely not malicous.
2017-05-12 11:38:37.497362;pwc.com;-;-;This domain is found in the Alexa top Million list. Most likely not malicous.
2017-05-12 11:38:37.497362;ey.com;-;-;This domain is found in the Alexa top Million list. Most likely not malicous.
2017-05-12 11:38:37.497362;bhpbilliton.com;-;-;This domain is found in the Alexa top Million list. Most likely not malicous.
2017-05-12 11:38:37.497362;025xcb.com;2017-05-09 00:00:00;0;
Date of Test;Domain;Creation Date;Age(years);Log Message
2017-05-12 11:39:03.916790;webantix.net;2005-11-13 00:00:00;11;
2017-05-12 11:39:03.916790;google.com;-;-;This domain is found in the Alexa top Million list. Most likely not malicous.
2017-05-12 11:39:03.916790;facebook.com;-;-;This domain is found in the Alexa top Million list. Most likely not malicous.
2017-05-12 11:39:03.916790;pwc.com;-;-;This domain is found in the Alexa top Million list. Most likely not malicous.
2017-05-12 11:39:03.916790;ey.com;-;-;This domain is found in the Alexa top Million list. Most likely not malicous.
2017-05-12 11:39:03.916790;bhpbilliton.com;-;-;This domain is found in the Alexa top Million list. Most likely not malicous.
2017-05-12 11:39:03.916790;025xcb.com;2017-05-09 00:00:00;0;
Date of Test;Domain;Creation Date;Age(years);Log Message
2017-05-12 11:40:42.470428;webantix.net;2005-11-13 00:00:00;11;
2017-05-12 11:40:42.470428;google.com;-;-;This domain is found in the Alexa top Million list. Most likely not malicous.
2017-05-12 11:40:42.470428;facebook.com;-;-;This domain is found in the Alexa top Million list. Most likely not malicous.
2017-05-12 11:40:42.470428;pwc.com;-;-;This domain is found in the Alexa top Million list. Most likely not malicous.
2017-05-12 11:40:42.470428;ey.com;-;-;This domain is found in the Alexa top Million list. Most likely not malicous.
2017-05-12 11:40:42.470428;bhpbilliton.com;-;-;This domain is found in the Alexa top Million list. Most likely not malicous.
2017-05-12 11:40:42.470428;025xcb.com;2017-05-09 00:00:00;0;
Date of Test;Domain;Creation Date;Age(years);Log Message
2017-05-12 11:42:36.689468;webantix.net;2005-11-13 00:00:00;11;
2017-05-12 11:42:36.689468;google.com;-;-;This domain is found in the Alexa top Million list. Most likely not malicous.
2017-05-12 11:42:36.689468;facebook.com;-;-;This domain is found in the Alexa top Million list. Most likely not malicous.
2017-05-12 11:42:36.689468;pwc.com;-;-;This domain is found in the Alexa top Million list. Most likely not malicous.
2017-05-12 11:42:36.689468;ey.com;-;-;This domain is found in the Alexa top Million list. Most likely not malicous.
2017-05-12 11:42:36.689468;bhpbilliton.com;-;-;This domain is found in the Alexa top Million list. Most likely not malicous.
2017-05-12 11:42:36.689468;025xcb.com;2017-05-09 00:00:00;0;
Date of Test;Domain;Creation Date;Age(years);Log Message
2017-05-12 11:43:12.589470;webantix.net;2005-11-13 00:00:00;11;
2017-05-12 11:43:12.589470;google.com;-;-;This domain is found in the Alexa top Million list. Most likely not malicous.
2017-05-12 11:43:12.589470;facebook.com;-;-;This domain is found in the Alexa top Million list. Most likely not malicous.
2017-05-12 11:43:12.589470;pwc.com;-;-;This domain is found in the Alexa top Million list. Most likely not malicous.
2017-05-12 11:43:12.589470;ey.com;-;-;This domain is found in the Alexa top Million list. Most likely not malicous.
2017-05-12 11:43:12.589470;bhpbilliton.com;-;-;This domain is found in the Alexa top Million list. Most likely not malicous.
2017-05-12 11:43:12.589470;025xcb.com;2017-05-09 00:00:00;0;
Date of Test;Domain;Creation Date;Age(years);Log Message
Date of Test;Domain;Creation Date;Age(years);Log Message
Date of Test;Domain;Creation Date;Age(years);Log Message
Date of Test;Domain;Creation Date;Age(years);Log Message
2017-05-12 12:11:40.400067;webantix.net;2005-11-13 00:00:00;11;
2017-05-12 12:11:40.400067;google.com;-;-;This domain is found in the Alexa top Million list. Most likely not malicous.
2017-05-12 12:11:40.400067;facebook.com;-;-;This domain is found in the Alexa top Million list. Most likely not malicous.
2017-05-12 12:11:40.400067;pwc.com;-;-;This domain is found in the Alexa top Million list. Most likely not malicous.
2017-05-12 12:11:40.400067;ey.com;-;-;This domain is found in the Alexa top Million list. Most likely not malicous.
2017-05-12 12:11:40.400067;bhpbilliton.com;-;-;This domain is found in the Alexa top Million list. Most likely not malicous.
2017-05-12 12:11:40.400067;025xcb.com;2017-05-09 00:00:00;0;
Date of Test;Domain;Creation Date;Age(years);Log Message
2017-05-12 12:12:15.382732;webantix.net;2005-11-13 00:00:00;11;
2017-05-12 12:12:15.382732;google.com;-;-;This domain is found in the Alexa top Million list. Most likely not malicous.
2017-05-12 12:12:15.382732;facebook.com;-;-;This domain is found in the Alexa top Million list. Most likely not malicous.
2017-05-12 12:12:15.382732;pwc.com;-;-;This domain is found in the Alexa top Million list. Most likely not malicous.
2017-05-12 12:12:15.382732;ey.com;-;-;This domain is found in the Alexa top Million list. Most likely not malicous.
2017-05-12 12:12:15.382732;bhpbilliton.com;-;-;This domain is found in the Alexa top Million list. Most likely not malicous.
2017-05-12 12:12:15.382732;025xcb.com;2017-05-09 00:00:00;0;
Date of Test;Domain;Creation Date;Age(years);Log Message
2017-05-12 12:24:21.067282;webantix.net;2005-11-13 00:00:00;11;
2017-05-12 12:24:21.067282;google.com;-;-;This domain is found in the Alexa top Million list. Most likely not malicous.
2017-05-12 12:24:21.067282;facebook.com;-;-;This domain is found in the Alexa top Million list. Most likely not malicous.
2017-05-12 12:24:21.067282;pwc.com;-;-;This domain is found in the Alexa top Million list. Most likely not malicous.
2017-05-12 12:24:21.067282;ey.com;-;-;This domain is found in the Alexa top Million list. Most likely not malicous.
2017-05-12 12:24:21.067282;bhpbilliton.com;-;-;This domain is found in the Alexa top Million list. Most likely not malicous.
2017-05-12 12:24:21.067282;025xcb.com;2017-05-09 00:00:00;0;
Date of Test;Domain;Creation Date;Age(years);Log Message
2017-05-12 12:25:28.133072;webantix.net;2005-11-13 00:00:00;11;
2017-05-12 12:25:28.133072;google.com;-;-;This domain is found in the Alexa top Million list. Most likely not malicous.
2017-05-12 12:25:28.133072;facebook.com;-;-;This domain is found in the Alexa top Million list. Most likely not malicous.
2017-05-12 12:25:28.133072;pwc.com;-;-;This domain is found in the Alexa top Million list. Most likely not malicous.
2017-05-12 12:25:28.133072;ey.com;-;-;This domain is found in the Alexa top Million list. Most likely not malicous.
2017-05-12 12:25:28.133072;bhpbilliton.com;-;-;This domain is found in the Alexa top Million list. Most likely not malicous.
2017-05-12 12:25:28.133072;025xcb.com;2017-05-09 00:00:00;0;
Date of Test;Domain;Creation Date;Age(years);Log Message
2017-05-12 12:26:20.360141;webantix.net;2005-11-13 00:00:00;11;
2017-05-12 12:26:20.360141;google.com;-;-;This domain is found in the Alexa top Million list. Most likely not malicous.
2017-05-12 12:26:20.360141;facebook.com;-;-;This domain is found in the Alexa top Million list. Most likely not malicous.
2017-05-12 12:26:20.360141;pwc.com;-;-;This domain is found in the Alexa top Million list. Most likely not malicous.
2017-05-12 12:26:20.360141;ey.com;-;-;This domain is found in the Alexa top Million list. Most likely not malicous.
2017-05-12 12:26:20.360141;bhpbilliton.com;-;-;This domain is found in the Alexa top Million list. Most likely not malicous.
2017-05-12 12:26:20.360141;025xcb.com;2017-05-09 00:00:00;0;
Date of Test;Domain;Creation Date;Age(years);Log Message
2017-05-12 12:26:59.182746;webantix.net;2005-11-13 00:00:00;11;
2017-05-12 12:26:59.182746;google.com;-;-;This domain is found in the Alexa top Million list. Most likely not malicous.
2017-05-12 12:26:59.182746;facebook.com;-;-;This domain is found in the Alexa top Million list. Most likely not malicous.
2017-05-12 12:26:59.182746;pwc.com;-;-;This domain is found in the Alexa top Million list. Most likely not malicous.
2017-05-12 12:26:59.182746;ey.com;-;-;This domain is found in the Alexa top Million list. Most likely not malicous.
2017-05-12 12:26:59.182746;bhpbilliton.com;-;-;This domain is found in the Alexa top Million list. Most likely not malicous.
2017-05-12 12:26:59.182746;025xcb.com;2017-05-09 00:00:00;0;
Date of Test;Domain;Creation Date;Age(years);Log Message
2017-05-12 12:27:48.592936;webantix.net;2005-11-13 00:00:00;11;
2017-05-12 12:27:48.592936;google.com;-;-;This domain is found in the Alexa top Million list. Most likely not malicous.
2017-05-12 12:27:48.592936;facebook.com;-;-;This domain is found in the Alexa top Million list. Most likely not malicous.
2017-05-12 12:27:48.592936;pwc.com;-;-;This domain is found in the Alexa top Million list. Most likely not malicous.
2017-05-12 12:27:48.592936;ey.com;-;-;This domain is found in the Alexa top Million list. Most likely not malicous.
2017-05-12 12:27:48.592936;bhpbilliton.com;-;-;This domain is found in the Alexa top Million list. Most likely not malicous.
2017-05-12 12:27:48.592936;025xcb.com;2017-05-09 00:00:00;0;
Date of Test;Domain;Creation Date;Age(years);Log Message
2017-05-12 12:28:03.131289;webantix.net;2005-11-13 00:00:00;11;
2017-05-12 12:28:03.131289;google.com;-;-;This domain is found in the Alexa top Million list. Most likely not malicous.
2017-05-12 12:28:03.131289;facebook.com;-;-;This domain is found in the Alexa top Million list. Most likely not malicous.
2017-05-12 12:28:03.131289;pwc.com;-;-;This domain is found in the Alexa top Million list. Most likely not malicous.
2017-05-12 12:28:03.131289;ey.com;-;-;This domain is found in the Alexa top Million list. Most likely not malicous.
2017-05-12 12:28:03.131289;bhpbilliton.com;-;-;This domain is found in the Alexa top Million list. Most likely not malicous.
2017-05-12 12:28:03.131289;025xcb.com;2017-05-09 00:00:00;0;
Date of Test;Domain;Creation Date;Age(years);Log Message
2017-05-12 12:31:11.692289;webantix.net;2005-11-13 00:00:00;11;
2017-05-12 12:31:11.692289;google.com;-;-;This domain is found in the Alexa top Million list. Most likely not malicous.
2017-05-12 12:31:11.692289;facebook.com;-;-;This domain is found in the Alexa top Million list. Most likely not malicous.
2017-05-12 12:31:11.692289;pwc.com;-;-;This domain is found in the Alexa top Million list. Most likely not malicous.
2017-05-12 12:31:11.692289;ey.com;-;-;This domain is found in the Alexa top Million list. Most likely not malicous.
2017-05-12 12:31:11.692289;bhpbilliton.com;-;-;This domain is found in the Alexa top Million list. Most likely not malicous.
2017-05-12 12:31:11.692289;wuedgouwhedowhd.com;-;-;This domain is not registered.
2017-05-12 12:31:11.692289;025xcb.com;2017-05-09 00:00:00;0;
Date of Test;Domain;Creation Date;Age(years);Log Message
2017-05-12 12:31:41.872748;webantix.net;2005-11-13 00:00:00;11;
2017-05-12 12:31:41.872748;google.com;-;-;This domain is found in the Alexa top Million list. Most likely not malicous.
2017-05-12 12:31:41.872748;facebook.com;-;-;This domain is found in the Alexa top Million list. Most likely not malicous.
2017-05-12 12:31:41.872748;pwc.com;-;-;This domain is found in the Alexa top Million list. Most likely not malicous.
2017-05-12 12:31:41.872748;ey.com;-;-;This domain is found in the Alexa top Million list. Most likely not malicous.
2017-05-12 12:31:41.872748;bhpbilliton.com;-;-;This domain is found in the Alexa top Million list. Most likely not malicous.
2017-05-12 12:31:41.872748;025xcb.com;2017-05-09 00:00:00;0;
Date of Test;Domain;Creation Date;Age(years);Log Message
Date of Test;Domain;Creation Date;Age(years);Log Message
Date of Test;Domain;Creation Date;Age(years);Log Message
Date of Test;Domain;Creation Date;Age(years);Log Message
2017-05-12 12:35:16.648136;webantix.net;2005-11-13 00:00:00;11;
2017-05-12 12:35:16.648136;google.com;-;-;This domain is found in the Alexa top Million list. Most likely not malicous.
2017-05-12 12:35:16.648136;facebook.com;-;-;This domain is found in the Alexa top Million list. Most likely not malicous.
2017-05-12 12:35:16.648136;pwc.com;-;-;This domain is found in the Alexa top Million list. Most likely not malicous.
2017-05-12 12:35:16.648136;ey.com;-;-;This domain is found in the Alexa top Million list. Most likely not malicous.
2017-05-12 12:35:16.648136;bhpbilliton.com;-;-;This domain is found in the Alexa top Million list. Most likely not malicous.
2017-05-12 12:35:16.648136;025xcb.com;2017-05-09 00:00:00;0;
Date of Test;Domain;Creation Date;Age(years);Log Message
2017-05-12 12:35:55.615354;webantix.net;2005-11-13 00:00:00;11;
2017-05-12 12:35:55.615354;google.com;-;-;This domain is found in the Alexa top Million list. Most likely not malicous.
2017-05-12 12:35:55.615354;facebook.com;-;-;This domain is found in the Alexa top Million list. Most likely not malicous.
2017-05-12 12:35:55.615354;pwc.com;-;-;This domain is found in the Alexa top Million list. Most likely not malicous.
2017-05-12 12:35:55.615354;ey.com;-;-;This domain is found in the Alexa top Million list. Most likely not malicous.
2017-05-12 12:35:55.615354;bhpbilliton.com;-;-;This domain is found in the Alexa top Million list. Most likely not malicous.
2017-05-12 12:35:55.615354;025xcb.com;2017-05-09 00:00:00;0;
Date of Test;Domain;Creation Date;Age(years);Log Message
2017-05-12 12:37:55.373378;webantix.net;2005-11-13 00:00:00;11;
2017-05-12 12:37:55.373378;google.com;-;-;This domain is found in the Alexa top Million list. Most likely not malicous.
2017-05-12 12:37:55.373378;facebook.com;-;-;This domain is found in the Alexa top Million list. Most likely not malicous.
2017-05-12 12:37:55.373378;pwc.com;-;-;This domain is found in the Alexa top Million list. Most likely not malicous.
2017-05-12 12:37:55.373378;ey.com;-;-;This domain is found in the Alexa top Million list. Most likely not malicous.
2017-05-12 12:37:55.373378;bhpbilliton.com;-;-;This domain is found in the Alexa top Million list. Most likely not malicous.
2017-05-12 12:37:55.373378;025xcb.com;2017-05-09 00:00:00;0;
Date of Test;Domain;Creation Date;Age(years);Log Message
2017-05-12 12:38:08.514333;webantix.net;2005-11-13 00:00:00;11;
2017-05-12 12:38:08.514333;google.com;-;-;This domain is found in the Alexa top Million list. Most likely not malicous.
2017-05-12 12:38:08.514333;facebook.com;-;-;This domain is found in the Alexa top Million list. Most likely not malicous.
2017-05-12 12:38:08.514333;pwc.com;-;-;This domain is found in the Alexa top Million list. Most likely not malicous.
2017-05-12 12:38:08.514333;ey.com;-;-;This domain is found in the Alexa top Million list. Most likely not malicous.
2017-05-12 12:38:08.514333;bhpbilliton.com;-;-;This domain is found in the Alexa top Million list. Most likely not malicous.
2017-05-12 12:38:08.514333;025xcb.com;2017-05-09 00:00:00;0;
Date of Test;Domain;Creation Date;Age(years);Log Message
2017-05-12 12:42:55.256188;webantix.net;2005-11-13 00:00:00;11;
2017-05-12 12:42:55.256188;google.com;-;-;This domain is found in the Alexa top Million list. Most likely not malicous.
2017-05-12 12:42:55.256188;facebook.com;-;-;This domain is found in the Alexa top Million list. Most likely not malicous.
2017-05-12 12:42:55.256188;pwc.com;-;-;This domain is found in the Alexa top Million list. Most likely not malicous.
2017-05-12 12:42:55.256188;ey.com;-;-;This domain is found in the Alexa top Million list. Most likely not malicous.
2017-05-12 12:42:55.256188;bhpbilliton.com;-;-;This domain is found in the Alexa top Million list. Most likely not malicous.
2017-05-12 12:42:55.256188;025xcb.com;2017-05-09 00:00:00;0;
Date of Test;Domain;Creation Date;Age(years);Log Message
2017-05-12 12:44:04.458451;webantix.net;2005-11-13 00:00:00;11;
2017-05-12 12:44:04.458451;google.com;-;-;This domain is found in the Alexa top Million list. Most likely not malicous.
2017-05-12 12:44:04.458451;facebook.com;-;-;This domain is found in the Alexa top Million list. Most likely not malicous.
2017-05-12 12:44:04.458451;pwc.com;-;-;This domain is found in the Alexa top Million list. Most likely not malicous.
2017-05-12 12:44:04.458451;ey.com;-;-;This domain is found in the Alexa top Million list. Most likely not malicous.
2017-05-12 12:44:04.458451;bhpbilliton.com;-;-;This domain is found in the Alexa top Million list. Most likely not malicous.
2017-05-12 12:44:04.458451;025xcb.com;2017-05-09 00:00:00;0;
Date of Test;Domain;Creation Date;Age(years);Log Message
2017-05-12 12:54:34.767052;webantix.net;2005-11-13 00:00:00;11;
2017-05-12 12:54:34.767052;google.com;-;-;This domain is found in the Alexa top Million list. Most likely not malicous.
2017-05-12 12:54:34.767052;facebook.com;-;-;This domain is found in the Alexa top Million list. Most likely not malicous.
2017-05-12 12:54:34.767052;pwc.com;-;-;This domain is found in the Alexa top Million list. Most likely not malicous.
2017-05-12 12:54:34.767052;ey.com;-;-;This domain is found in the Alexa top Million list. Most likely not malicous.
2017-05-12 12:54:34.767052;bhpbilliton.com;-;-;This domain is found in the Alexa top Million list. Most likely not malicous.
2017-05-12 12:54:34.767052;025xcb.com;2017-05-09 00:00:00;0;
2017-05-12 12:54:34.767052;skiclub.co.uk;-;-;This domain is found in the Alexa top Million list. Most likely not malicous.
2017-05-12 12:54:34.767052;;-;-;This domain is found in the Alexa top Million list. Most likely not malicous.
2017-05-12 12:54:34.767052;;-;-;This domain is found in the Alexa top Million list. Most likely not malicous.
Date of Test;Domain;Creation Date;Age(years);Log Message
2017-05-12 12:56:14.915384;webantix.net;2005-11-13 00:00:00;11;
2017-05-12 12:56:14.915384;google.com;-;-;This domain is found in the Alexa top Million list. Most likely not malicous.
2017-05-12 12:56:14.915384;facebook.com;-;-;This domain is found in the Alexa top Million list. Most likely not malicous.
2017-05-12 12:56:14.915384;pwc.com;-;-;This domain is found in the Alexa top Million list. Most likely not malicous.
2017-05-12 12:56:14.915384;ey.com;-;-;This domain is found in the Alexa top Million list. Most likely not malicous.
2017-05-12 12:56:14.915384;bhpbilliton.com;-;-;This domain is found in the Alexa top Million list. Most likely not malicous.
2017-05-12 12:56:14.915384;025xcb.com;2017-05-09 00:00:00;0;
2017-05-12 12:56:14.915384;skiclub.co.uk;-;-;This domain is found in the Alexa top Million list. Most likely not malicous.
2017-05-12 12:56:14.915384;;-;-;This domain is found in the Alexa top Million list. Most likely not malicous.
2017-05-12 12:56:14.915384;;-;-;This domain is found in the Alexa top Million list. Most likely not malicous.
Date of Test;Domain;Creation Date;Age(years);Log Message
Date of Test;Domain;Creation Date;Age(years);Log Message
2017-05-12 13:03:12.737606;webantix.net;2005-11-13 00:00:00;11;
2017-05-12 13:03:12.737606;google.com;-;-;This domain is found in the Alexa top Million list. Most likely not malicous.
2017-05-12 13:03:12.737606;facebook.com;-;-;This domain is found in the Alexa top Million list. Most likely not malicous.
2017-05-12 13:03:12.737606;pwc.com;-;-;This domain is found in the Alexa top Million list. Most likely not malicous.
2017-05-12 13:03:12.737606;ey.com;-;-;This domain is found in the Alexa top Million list. Most likely not malicous.
2017-05-12 13:03:12.737606;bhpbilliton.com;-;-;This domain is found in the Alexa top Million list. Most likely not malicous.
2017-05-12 13:03:12.737606;025xcb.com;2017-05-09 00:00:00;0;
2017-05-12 13:03:12.737606;skiclub.co.uk;-;-;This domain is found in the Alexa top Million list. Most likely not malicous.
2017-05-12 13:03:12.737606;;-;-;This domain is found in the Alexa top Million list. Most likely not malicous.
2017-05-12 13:03:12.737606;;-;-;This domain is found in the Alexa top Million list. Most likely not malicous.
Date of Test;Domain;Creation Date;Age(years);Log Message
2017-05-12 13:04:32.173801;webantix.net;2005-11-13 00:00:00;11;
2017-05-12 13:04:32.173801;google.com;-;-;This domain is found in the Alexa top Million list. Most likely not malicous.
2017-05-12 13:04:32.173801;facebook.com;-;-;This domain is found in the Alexa top Million list. Most likely not malicous.
2017-05-12 13:04:32.173801;pwc.com;-;-;This domain is found in the Alexa top Million list. Most likely not malicous.
2017-05-12 13:04:32.173801;ey.com;-;-;This domain is found in the Alexa top Million list. Most likely not malicous.
2017-05-12 13:04:32.173801;bhpbilliton.com;-;-;This domain is found in the Alexa top Million list. Most likely not malicous.
2017-05-12 13:04:32.173801;025xcb.com;2017-05-09 00:00:00;0;
2017-05-12 13:04:32.173801;skiclub.co.uk;-;-;This domain is found in the Alexa top Million list. Most likely not malicous.
2017-05-12 13:04:32.173801;;-;-;This domain is found in the Alexa top Million list. Most likely not malicous.
2017-05-12 13:04:32.173801;;-;-;This domain is found in the Alexa top Million list. Most likely not malicous.
